#
# There is insufficient memory for the Java Runtime Environment to continue.
# Native memory allocation (malloc) failed to allocate 203136 bytes for Chunk::new
# Possible reasons:
#   The system is out of physical RAM or swap space
#   The process is running with CompressedOops enabled, and the Java Heap may be blocking the growth of the native heap
# Possible solutions:
#   Reduce memory load on the system
#   Increase physical memory or swap space
#   Check if swap backing store is full
#   Decrease Java heap size (-Xmx/-Xms)
#   Decrease number of Java threads
#   Decrease Java thread stack sizes (-Xss)
#   Set larger code cache with -XX:ReservedCodeCacheSize=
#   JVM is running with Unscaled Compressed Oops mode in which the Java heap is
#     placed in the first 4GB address space. The Java Heap base address is the
#     maximum limit for the native heap growth. Please use -XX:HeapBaseMinAddress
#     to set the Java Heap base and to place the Java Heap above 4GB virtual address.
# This output file may be truncated or incomplete.
#
#  Out of Memory Error (arena.cpp:189), pid=19716, tid=15172
#
# JRE version: OpenJDK Runtime Environment Temurin-17.0.6+10 (17.0.6+10) (build 17.0.6+10)
# Java VM: OpenJDK 64-Bit Server VM Temurin-17.0.6+10 (17.0.6+10, mixed mode, tiered, compressed oops, compressed class ptrs, g1 gc, windows-amd64)
# No core dump will be written. Minidumps are not enabled by default on client versions of Windows
#

---------------  S U M M A R Y ------------

Command Line: --module-path=C:\Java\javafx-sdk-17.0.6\lib --add-modules=javafx.controls,javafx.fxml -Dfile.encoding=UTF-8 --module-path=C:\Java\javafx-sdk-17.0.6\lib\javafx-swt.jar;C:\Java\javafx-sdk-17.0.6\lib\javafx.base.jar;C:\Java\javafx-sdk-17.0.6\lib\javafx.controls.jar;C:\Java\javafx-sdk-17.0.6\lib\javafx.fxml.jar;C:\Java\javafx-sdk-17.0.6\lib\javafx.graphics.jar;C:\Java\javafx-sdk-17.0.6\lib\javafx.media.jar;C:\Java\javafx-sdk-17.0.6\lib\javafx.swing.jar;C:\Java\javafx-sdk-17.0.6\lib\javafx.web.jar;C:\Users\hp\.p2\pool\plugins\org.eclipse.fx.ide.css.jfx8_3.8.0.202204150904.jar -XX:+ShowCodeDetailsInExceptionMessages home.LoginPage

Host: Intel(R) Core(TM) i5-8250U CPU @ 1.60GHz, 8 cores, 7G,  Windows 11 , 64 bit Build 22621 (10.0.22621.1635)
Time: Thu Jun  1 23:40:02 2023 Maroc elapsed time: 0.874547 seconds (0d 0h 0m 0s)

---------------  T H R E A D  ---------------

Current thread (0x0000022aa6e68f20):  JavaThread "C2 CompilerThread1" daemon [_thread_in_native, id=15172, stack(0x000000ae48500000,0x000000ae48600000)]


Current CompileTask:
C2:    874  265       4       jdk.internal.module.Checks::isJavaIdentifier (76 bytes)

Stack: [0x000000ae48500000,0x000000ae48600000]
Native frames: (J=compiled Java code, j=interpreted, Vv=VM code, C=native code)
V  [jvm.dll+0x67741a]
V  [jvm.dll+0x834434]
V  [jvm.dll+0x835bde]
V  [jvm.dll+0x836243]
V  [jvm.dll+0x2457b5]
V  [jvm.dll+0xabafc]
V  [jvm.dll+0xac0cc]
V  [jvm.dll+0x2ac94f]
V  [jvm.dll+0x57de47]
V  [jvm.dll+0x220812]
V  [jvm.dll+0x220bef]
V  [jvm.dll+0x21a445]
V  [jvm.dll+0x21790b]
V  [jvm.dll+0x1a3d0d]
V  [jvm.dll+0x22742a]
V  [jvm.dll+0x225565]
V  [jvm.dll+0x7ea2cb]
V  [jvm.dll+0x7e483a]
V  [jvm.dll+0x6762c5]
C  [ucrtbase.dll+0x29363]
C  [KERNEL32.DLL+0x126ad]
C  [ntdll.dll+0x5a9f8]


---------------  P R O C E S S  ---------------

Threads class SMR info:
_java_thread_list=0x0000022aa6e2ce20, length=13, elements={
0x0000022a8c3c87f0, 0x0000022aa6c13260, 0x0000022aa6c13e10, 0x0000022aa62e1f80,
0x0000022aa6c35020, 0x0000022aa6c3d8f0, 0x0000022aa6c416b0, 0x0000022aa6c443a0,
0x0000022aa6c44e40, 0x0000022aa6c45830, 0x0000022aa6d48a80, 0x0000022aa6e68f20,
0x0000022aa6ee5a90
}

Java Threads: ( => current thread )
  0x0000022a8c3c87f0 JavaThread "main" [_thread_in_vm, id=5416, stack(0x000000ae47400000,0x000000ae47500000)]
  0x0000022aa6c13260 JavaThread "Reference Handler" daemon [_thread_blocked, id=18976, stack(0x000000ae47b00000,0x000000ae47c00000)]
  0x0000022aa6c13e10 JavaThread "Finalizer" daemon [_thread_blocked, id=11252, stack(0x000000ae47c00000,0x000000ae47d00000)]
  0x0000022aa62e1f80 JavaThread "Signal Dispatcher" daemon [_thread_blocked, id=18812, stack(0x000000ae47d00000,0x000000ae47e00000)]
  0x0000022aa6c35020 JavaThread "Attach Listener" daemon [_thread_blocked, id=1856, stack(0x000000ae47e00000,0x000000ae47f00000)]
  0x0000022aa6c3d8f0 JavaThread "Service Thread" daemon [_thread_blocked, id=16424, stack(0x000000ae47f00000,0x000000ae48000000)]
  0x0000022aa6c416b0 JavaThread "Monitor Deflation Thread" daemon [_thread_blocked, id=12900, stack(0x000000ae48000000,0x000000ae48100000)]
  0x0000022aa6c443a0 JavaThread "C2 CompilerThread0" daemon [_thread_in_native, id=1904, stack(0x000000ae48100000,0x000000ae48200000)]
  0x0000022aa6c44e40 JavaThread "C1 CompilerThread0" daemon [_thread_blocked, id=2044, stack(0x000000ae48200000,0x000000ae48300000)]
  0x0000022aa6c45830 JavaThread "Sweeper thread" daemon [_thread_blocked, id=14108, stack(0x000000ae48300000,0x000000ae48400000)]
  0x0000022aa6d48a80 JavaThread "Common-Cleaner" daemon [_thread_blocked, id=11212, stack(0x000000ae48400000,0x000000ae48500000)]
=>0x0000022aa6e68f20 JavaThread "C2 CompilerThread1" daemon [_thread_in_native, id=15172, stack(0x000000ae48500000,0x000000ae48600000)]
  0x0000022aa6ee5a90 JavaThread "C2 CompilerThread2" daemon [_thread_in_native, id=620, stack(0x000000ae48600000,0x000000ae48700000)]

Other Threads:
  0x0000022aa62cc710 VMThread "VM Thread" [stack: 0x000000ae47a00000,0x000000ae47b00000] [id=9764]
  0x0000022a8c4259c0 GCTaskThread "GC Thread#0" [stack: 0x000000ae47500000,0x000000ae47600000] [id=7632]
  0x0000022a8c436d50 ConcurrentGCThread "G1 Main Marker" [stack: 0x000000ae47600000,0x000000ae47700000] [id=9912]
  0x0000022a8c437760 ConcurrentGCThread "G1 Conc#0" [stack: 0x000000ae47700000,0x000000ae47800000] [id=20008]
  0x0000022a8c48df20 ConcurrentGCThread "G1 Refine#0" [stack: 0x000000ae47800000,0x000000ae47900000] [id=15808]
  0x0000022a8c48e940 ConcurrentGCThread "G1 Service" [stack: 0x000000ae47900000,0x000000ae47a00000] [id=11372]

Threads with active compile tasks:
C2 CompilerThread0      908  332       4       java.util.HashSet::add (20 bytes)
C2 CompilerThread1      908  265       4       jdk.internal.module.Checks::isJavaIdentifier (76 bytes)
C2 CompilerThread2      908  275       4       java.util.ImmutableCollections$SetN::probe (56 bytes)

VM state: not at safepoint (normal execution)

VM Mutex/Monitor currently owned by a thread:  ([mutex/lock_event])
[0x0000022a8c3c2c00] Metaspace_lock - owner thread: 0x0000022a8c3c87f0

Heap address: 0x0000000082600000, size: 2010 MB, Compressed Oops mode: 32-bit

CDS archive(s) not mapped
Compressed class space mapped at: 0x0000000100000000-0x0000000140000000, reserved size: 1073741824
Narrow klass base: 0x0000000000000000, Narrow klass shift: 3, Narrow klass range: 0x140000000

GC Precious Log:
 CPUs: 8 total, 8 available
 Memory: 8035M
 Large Page Support: Disabled
 NUMA Support: Disabled
 Compressed Oops: Enabled (32-bit)
 Heap Region Size: 1M
 Heap Min Capacity: 8M
 Heap Initial Capacity: 126M
 Heap Max Capacity: 2010M
 Pre-touch: Disabled
 Parallel Workers: 8
 Concurrent Workers: 2
 Concurrent Refinement Workers: 8
 Periodic GC: Disabled

Heap:
 garbage-first heap   total 129024K, used 6144K [0x0000000082600000, 0x0000000100000000)
  region size 1024K, 7 young (7168K), 0 survivors (0K)
 Metaspace       used 6371K, committed 6464K, reserved 1056768K
  class space    used 546K, committed 576K, reserved 1048576K

Heap Regions: E=young(eden), S=young(survivor), O=old, HS=humongous(starts), HC=humongous(continues), CS=collection set, F=free, OA=open archive, CA=closed archive, TAMS=top-at-mark-start (previous, next)
|   0|0x0000000082600000, 0x0000000082600000, 0x0000000082700000|  0%| F|  |TAMS 0x0000000082600000, 0x0000000082600000| Untracked 
|   1|0x0000000082700000, 0x0000000082700000, 0x0000000082800000|  0%| F|  |TAMS 0x0000000082700000, 0x0000000082700000| Untracked 
|   2|0x0000000082800000, 0x0000000082800000, 0x0000000082900000|  0%| F|  |TAMS 0x0000000082800000, 0x0000000082800000| Untracked 
|   3|0x0000000082900000, 0x0000000082900000, 0x0000000082a00000|  0%| F|  |TAMS 0x0000000082900000, 0x0000000082900000| Untracked 
|   4|0x0000000082a00000, 0x0000000082a00000, 0x0000000082b00000|  0%| F|  |TAMS 0x0000000082a00000, 0x0000000082a00000| Untracked 
|   5|0x0000000082b00000, 0x0000000082b00000, 0x0000000082c00000|  0%| F|  |TAMS 0x0000000082b00000, 0x0000000082b00000| Untracked 
|   6|0x0000000082c00000, 0x0000000082c00000, 0x0000000082d00000|  0%| F|  |TAMS 0x0000000082c00000, 0x0000000082c00000| Untracked 
|   7|0x0000000082d00000, 0x0000000082d00000, 0x0000000082e00000|  0%| F|  |TAMS 0x0000000082d00000, 0x0000000082d00000| Untracked 
|   8|0x0000000082e00000, 0x0000000082e00000, 0x0000000082f00000|  0%| F|  |TAMS 0x0000000082e00000, 0x0000000082e00000| Untracked 
|   9|0x0000000082f00000, 0x0000000082f00000, 0x0000000083000000|  0%| F|  |TAMS 0x0000000082f00000, 0x0000000082f00000| Untracked 
|  10|0x0000000083000000, 0x0000000083000000, 0x0000000083100000|  0%| F|  |TAMS 0x0000000083000000, 0x0000000083000000| Untracked 
|  11|0x0000000083100000, 0x0000000083100000, 0x0000000083200000|  0%| F|  |TAMS 0x0000000083100000, 0x0000000083100000| Untracked 
|  12|0x0000000083200000, 0x0000000083200000, 0x0000000083300000|  0%| F|  |TAMS 0x0000000083200000, 0x0000000083200000| Untracked 
|  13|0x0000000083300000, 0x0000000083300000, 0x0000000083400000|  0%| F|  |TAMS 0x0000000083300000, 0x0000000083300000| Untracked 
|  14|0x0000000083400000, 0x0000000083400000, 0x0000000083500000|  0%| F|  |TAMS 0x0000000083400000, 0x0000000083400000| Untracked 
|  15|0x0000000083500000, 0x0000000083500000, 0x0000000083600000|  0%| F|  |TAMS 0x0000000083500000, 0x0000000083500000| Untracked 
|  16|0x0000000083600000, 0x0000000083600000, 0x0000000083700000|  0%| F|  |TAMS 0x0000000083600000, 0x0000000083600000| Untracked 
|  17|0x0000000083700000, 0x0000000083700000, 0x0000000083800000|  0%| F|  |TAMS 0x0000000083700000, 0x0000000083700000| Untracked 
|  18|0x0000000083800000, 0x0000000083800000, 0x0000000083900000|  0%| F|  |TAMS 0x0000000083800000, 0x0000000083800000| Untracked 
|  19|0x0000000083900000, 0x0000000083900000, 0x0000000083a00000|  0%| F|  |TAMS 0x0000000083900000, 0x0000000083900000| Untracked 
|  20|0x0000000083a00000, 0x0000000083a00000, 0x0000000083b00000|  0%| F|  |TAMS 0x0000000083a00000, 0x0000000083a00000| Untracked 
|  21|0x0000000083b00000, 0x0000000083b00000, 0x0000000083c00000|  0%| F|  |TAMS 0x0000000083b00000, 0x0000000083b00000| Untracked 
|  22|0x0000000083c00000, 0x0000000083c00000, 0x0000000083d00000|  0%| F|  |TAMS 0x0000000083c00000, 0x0000000083c00000| Untracked 
|  23|0x0000000083d00000, 0x0000000083d00000, 0x0000000083e00000|  0%| F|  |TAMS 0x0000000083d00000, 0x0000000083d00000| Untracked 
|  24|0x0000000083e00000, 0x0000000083e00000, 0x0000000083f00000|  0%| F|  |TAMS 0x0000000083e00000, 0x0000000083e00000| Untracked 
|  25|0x0000000083f00000, 0x0000000083f00000, 0x0000000084000000|  0%| F|  |TAMS 0x0000000083f00000, 0x0000000083f00000| Untracked 
|  26|0x0000000084000000, 0x0000000084000000, 0x0000000084100000|  0%| F|  |TAMS 0x0000000084000000, 0x0000000084000000| Untracked 
|  27|0x0000000084100000, 0x0000000084100000, 0x0000000084200000|  0%| F|  |TAMS 0x0000000084100000, 0x0000000084100000| Untracked 
|  28|0x0000000084200000, 0x0000000084200000, 0x0000000084300000|  0%| F|  |TAMS 0x0000000084200000, 0x0000000084200000| Untracked 
|  29|0x0000000084300000, 0x0000000084300000, 0x0000000084400000|  0%| F|  |TAMS 0x0000000084300000, 0x0000000084300000| Untracked 
|  30|0x0000000084400000, 0x0000000084400000, 0x0000000084500000|  0%| F|  |TAMS 0x0000000084400000, 0x0000000084400000| Untracked 
|  31|0x0000000084500000, 0x0000000084500000, 0x0000000084600000|  0%| F|  |TAMS 0x0000000084500000, 0x0000000084500000| Untracked 
|  32|0x0000000084600000, 0x0000000084600000, 0x0000000084700000|  0%| F|  |TAMS 0x0000000084600000, 0x0000000084600000| Untracked 
|  33|0x0000000084700000, 0x0000000084700000, 0x0000000084800000|  0%| F|  |TAMS 0x0000000084700000, 0x0000000084700000| Untracked 
|  34|0x0000000084800000, 0x0000000084800000, 0x0000000084900000|  0%| F|  |TAMS 0x0000000084800000, 0x0000000084800000| Untracked 
|  35|0x0000000084900000, 0x0000000084900000, 0x0000000084a00000|  0%| F|  |TAMS 0x0000000084900000, 0x0000000084900000| Untracked 
|  36|0x0000000084a00000, 0x0000000084a00000, 0x0000000084b00000|  0%| F|  |TAMS 0x0000000084a00000, 0x0000000084a00000| Untracked 
|  37|0x0000000084b00000, 0x0000000084b00000, 0x0000000084c00000|  0%| F|  |TAMS 0x0000000084b00000, 0x0000000084b00000| Untracked 
|  38|0x0000000084c00000, 0x0000000084c00000, 0x0000000084d00000|  0%| F|  |TAMS 0x0000000084c00000, 0x0000000084c00000| Untracked 
|  39|0x0000000084d00000, 0x0000000084d00000, 0x0000000084e00000|  0%| F|  |TAMS 0x0000000084d00000, 0x0000000084d00000| Untracked 
|  40|0x0000000084e00000, 0x0000000084e00000, 0x0000000084f00000|  0%| F|  |TAMS 0x0000000084e00000, 0x0000000084e00000| Untracked 
|  41|0x0000000084f00000, 0x0000000084f00000, 0x0000000085000000|  0%| F|  |TAMS 0x0000000084f00000, 0x0000000084f00000| Untracked 
|  42|0x0000000085000000, 0x0000000085000000, 0x0000000085100000|  0%| F|  |TAMS 0x0000000085000000, 0x0000000085000000| Untracked 
|  43|0x0000000085100000, 0x0000000085100000, 0x0000000085200000|  0%| F|  |TAMS 0x0000000085100000, 0x0000000085100000| Untracked 
|  44|0x0000000085200000, 0x0000000085200000, 0x0000000085300000|  0%| F|  |TAMS 0x0000000085200000, 0x0000000085200000| Untracked 
|  45|0x0000000085300000, 0x0000000085300000, 0x0000000085400000|  0%| F|  |TAMS 0x0000000085300000, 0x0000000085300000| Untracked 
|  46|0x0000000085400000, 0x0000000085400000, 0x0000000085500000|  0%| F|  |TAMS 0x0000000085400000, 0x0000000085400000| Untracked 
|  47|0x0000000085500000, 0x0000000085500000, 0x0000000085600000|  0%| F|  |TAMS 0x0000000085500000, 0x0000000085500000| Untracked 
|  48|0x0000000085600000, 0x0000000085600000, 0x0000000085700000|  0%| F|  |TAMS 0x0000000085600000, 0x0000000085600000| Untracked 
|  49|0x0000000085700000, 0x0000000085700000, 0x0000000085800000|  0%| F|  |TAMS 0x0000000085700000, 0x0000000085700000| Untracked 
|  50|0x0000000085800000, 0x0000000085800000, 0x0000000085900000|  0%| F|  |TAMS 0x0000000085800000, 0x0000000085800000| Untracked 
|  51|0x0000000085900000, 0x0000000085900000, 0x0000000085a00000|  0%| F|  |TAMS 0x0000000085900000, 0x0000000085900000| Untracked 
|  52|0x0000000085a00000, 0x0000000085a00000, 0x0000000085b00000|  0%| F|  |TAMS 0x0000000085a00000, 0x0000000085a00000| Untracked 
|  53|0x0000000085b00000, 0x0000000085b00000, 0x0000000085c00000|  0%| F|  |TAMS 0x0000000085b00000, 0x0000000085b00000| Untracked 
|  54|0x0000000085c00000, 0x0000000085c00000, 0x0000000085d00000|  0%| F|  |TAMS 0x0000000085c00000, 0x0000000085c00000| Untracked 
|  55|0x0000000085d00000, 0x0000000085d00000, 0x0000000085e00000|  0%| F|  |TAMS 0x0000000085d00000, 0x0000000085d00000| Untracked 
|  56|0x0000000085e00000, 0x0000000085e00000, 0x0000000085f00000|  0%| F|  |TAMS 0x0000000085e00000, 0x0000000085e00000| Untracked 
|  57|0x0000000085f00000, 0x0000000085f00000, 0x0000000086000000|  0%| F|  |TAMS 0x0000000085f00000, 0x0000000085f00000| Untracked 
|  58|0x0000000086000000, 0x0000000086000000, 0x0000000086100000|  0%| F|  |TAMS 0x0000000086000000, 0x0000000086000000| Untracked 
|  59|0x0000000086100000, 0x0000000086100000, 0x0000000086200000|  0%| F|  |TAMS 0x0000000086100000, 0x0000000086100000| Untracked 
|  60|0x0000000086200000, 0x0000000086200000, 0x0000000086300000|  0%| F|  |TAMS 0x0000000086200000, 0x0000000086200000| Untracked 
|  61|0x0000000086300000, 0x0000000086300000, 0x0000000086400000|  0%| F|  |TAMS 0x0000000086300000, 0x0000000086300000| Untracked 
|  62|0x0000000086400000, 0x0000000086400000, 0x0000000086500000|  0%| F|  |TAMS 0x0000000086400000, 0x0000000086400000| Untracked 
|  63|0x0000000086500000, 0x0000000086500000, 0x0000000086600000|  0%| F|  |TAMS 0x0000000086500000, 0x0000000086500000| Untracked 
|  64|0x0000000086600000, 0x0000000086600000, 0x0000000086700000|  0%| F|  |TAMS 0x0000000086600000, 0x0000000086600000| Untracked 
|  65|0x0000000086700000, 0x0000000086700000, 0x0000000086800000|  0%| F|  |TAMS 0x0000000086700000, 0x0000000086700000| Untracked 
|  66|0x0000000086800000, 0x0000000086800000, 0x0000000086900000|  0%| F|  |TAMS 0x0000000086800000, 0x0000000086800000| Untracked 
|  67|0x0000000086900000, 0x0000000086900000, 0x0000000086a00000|  0%| F|  |TAMS 0x0000000086900000, 0x0000000086900000| Untracked 
|  68|0x0000000086a00000, 0x0000000086a00000, 0x0000000086b00000|  0%| F|  |TAMS 0x0000000086a00000, 0x0000000086a00000| Untracked 
|  69|0x0000000086b00000, 0x0000000086b00000, 0x0000000086c00000|  0%| F|  |TAMS 0x0000000086b00000, 0x0000000086b00000| Untracked 
|  70|0x0000000086c00000, 0x0000000086c00000, 0x0000000086d00000|  0%| F|  |TAMS 0x0000000086c00000, 0x0000000086c00000| Untracked 
|  71|0x0000000086d00000, 0x0000000086d00000, 0x0000000086e00000|  0%| F|  |TAMS 0x0000000086d00000, 0x0000000086d00000| Untracked 
|  72|0x0000000086e00000, 0x0000000086e00000, 0x0000000086f00000|  0%| F|  |TAMS 0x0000000086e00000, 0x0000000086e00000| Untracked 
|  73|0x0000000086f00000, 0x0000000086f00000, 0x0000000087000000|  0%| F|  |TAMS 0x0000000086f00000, 0x0000000086f00000| Untracked 
|  74|0x0000000087000000, 0x0000000087000000, 0x0000000087100000|  0%| F|  |TAMS 0x0000000087000000, 0x0000000087000000| Untracked 
|  75|0x0000000087100000, 0x0000000087100000, 0x0000000087200000|  0%| F|  |TAMS 0x0000000087100000, 0x0000000087100000| Untracked 
|  76|0x0000000087200000, 0x0000000087200000, 0x0000000087300000|  0%| F|  |TAMS 0x0000000087200000, 0x0000000087200000| Untracked 
|  77|0x0000000087300000, 0x0000000087300000, 0x0000000087400000|  0%| F|  |TAMS 0x0000000087300000, 0x0000000087300000| Untracked 
|  78|0x0000000087400000, 0x0000000087400000, 0x0000000087500000|  0%| F|  |TAMS 0x0000000087400000, 0x0000000087400000| Untracked 
|  79|0x0000000087500000, 0x0000000087500000, 0x0000000087600000|  0%| F|  |TAMS 0x0000000087500000, 0x0000000087500000| Untracked 
|  80|0x0000000087600000, 0x0000000087600000, 0x0000000087700000|  0%| F|  |TAMS 0x0000000087600000, 0x0000000087600000| Untracked 
|  81|0x0000000087700000, 0x0000000087700000, 0x0000000087800000|  0%| F|  |TAMS 0x0000000087700000, 0x0000000087700000| Untracked 
|  82|0x0000000087800000, 0x0000000087800000, 0x0000000087900000|  0%| F|  |TAMS 0x0000000087800000, 0x0000000087800000| Untracked 
|  83|0x0000000087900000, 0x0000000087900000, 0x0000000087a00000|  0%| F|  |TAMS 0x0000000087900000, 0x0000000087900000| Untracked 
|  84|0x0000000087a00000, 0x0000000087a00000, 0x0000000087b00000|  0%| F|  |TAMS 0x0000000087a00000, 0x0000000087a00000| Untracked 
|  85|0x0000000087b00000, 0x0000000087b00000, 0x0000000087c00000|  0%| F|  |TAMS 0x0000000087b00000, 0x0000000087b00000| Untracked 
|  86|0x0000000087c00000, 0x0000000087c00000, 0x0000000087d00000|  0%| F|  |TAMS 0x0000000087c00000, 0x0000000087c00000| Untracked 
|  87|0x0000000087d00000, 0x0000000087d00000, 0x0000000087e00000|  0%| F|  |TAMS 0x0000000087d00000, 0x0000000087d00000| Untracked 
|  88|0x0000000087e00000, 0x0000000087e00000, 0x0000000087f00000|  0%| F|  |TAMS 0x0000000087e00000, 0x0000000087e00000| Untracked 
|  89|0x0000000087f00000, 0x0000000087f00000, 0x0000000088000000|  0%| F|  |TAMS 0x0000000087f00000, 0x0000000087f00000| Untracked 
|  90|0x0000000088000000, 0x0000000088000000, 0x0000000088100000|  0%| F|  |TAMS 0x0000000088000000, 0x0000000088000000| Untracked 
|  91|0x0000000088100000, 0x0000000088100000, 0x0000000088200000|  0%| F|  |TAMS 0x0000000088100000, 0x0000000088100000| Untracked 
|  92|0x0000000088200000, 0x0000000088200000, 0x0000000088300000|  0%| F|  |TAMS 0x0000000088200000, 0x0000000088200000| Untracked 
|  93|0x0000000088300000, 0x0000000088300000, 0x0000000088400000|  0%| F|  |TAMS 0x0000000088300000, 0x0000000088300000| Untracked 
|  94|0x0000000088400000, 0x0000000088400000, 0x0000000088500000|  0%| F|  |TAMS 0x0000000088400000, 0x0000000088400000| Untracked 
|  95|0x0000000088500000, 0x0000000088500000, 0x0000000088600000|  0%| F|  |TAMS 0x0000000088500000, 0x0000000088500000| Untracked 
|  96|0x0000000088600000, 0x0000000088600000, 0x0000000088700000|  0%| F|  |TAMS 0x0000000088600000, 0x0000000088600000| Untracked 
|  97|0x0000000088700000, 0x0000000088700000, 0x0000000088800000|  0%| F|  |TAMS 0x0000000088700000, 0x0000000088700000| Untracked 
|  98|0x0000000088800000, 0x0000000088800000, 0x0000000088900000|  0%| F|  |TAMS 0x0000000088800000, 0x0000000088800000| Untracked 
|  99|0x0000000088900000, 0x0000000088900000, 0x0000000088a00000|  0%| F|  |TAMS 0x0000000088900000, 0x0000000088900000| Untracked 
| 100|0x0000000088a00000, 0x0000000088a00000, 0x0000000088b00000|  0%| F|  |TAMS 0x0000000088a00000, 0x0000000088a00000| Untracked 
| 101|0x0000000088b00000, 0x0000000088b00000, 0x0000000088c00000|  0%| F|  |TAMS 0x0000000088b00000, 0x0000000088b00000| Untracked 
| 102|0x0000000088c00000, 0x0000000088c00000, 0x0000000088d00000|  0%| F|  |TAMS 0x0000000088c00000, 0x0000000088c00000| Untracked 
| 103|0x0000000088d00000, 0x0000000088d00000, 0x0000000088e00000|  0%| F|  |TAMS 0x0000000088d00000, 0x0000000088d00000| Untracked 
| 104|0x0000000088e00000, 0x0000000088e00000, 0x0000000088f00000|  0%| F|  |TAMS 0x0000000088e00000, 0x0000000088e00000| Untracked 
| 105|0x0000000088f00000, 0x0000000088f00000, 0x0000000089000000|  0%| F|  |TAMS 0x0000000088f00000, 0x0000000088f00000| Untracked 
| 106|0x0000000089000000, 0x0000000089000000, 0x0000000089100000|  0%| F|  |TAMS 0x0000000089000000, 0x0000000089000000| Untracked 
| 107|0x0000000089100000, 0x0000000089100000, 0x0000000089200000|  0%| F|  |TAMS 0x0000000089100000, 0x0000000089100000| Untracked 
| 108|0x0000000089200000, 0x0000000089200000, 0x0000000089300000|  0%| F|  |TAMS 0x0000000089200000, 0x0000000089200000| Untracked 
| 109|0x0000000089300000, 0x0000000089300000, 0x0000000089400000|  0%| F|  |TAMS 0x0000000089300000, 0x0000000089300000| Untracked 
| 110|0x0000000089400000, 0x0000000089400000, 0x0000000089500000|  0%| F|  |TAMS 0x0000000089400000, 0x0000000089400000| Untracked 
| 111|0x0000000089500000, 0x0000000089500000, 0x0000000089600000|  0%| F|  |TAMS 0x0000000089500000, 0x0000000089500000| Untracked 
| 112|0x0000000089600000, 0x0000000089600000, 0x0000000089700000|  0%| F|  |TAMS 0x0000000089600000, 0x0000000089600000| Untracked 
| 113|0x0000000089700000, 0x0000000089700000, 0x0000000089800000|  0%| F|  |TAMS 0x0000000089700000, 0x0000000089700000| Untracked 
| 114|0x0000000089800000, 0x0000000089800000, 0x0000000089900000|  0%| F|  |TAMS 0x0000000089800000, 0x0000000089800000| Untracked 
| 115|0x0000000089900000, 0x0000000089900000, 0x0000000089a00000|  0%| F|  |TAMS 0x0000000089900000, 0x0000000089900000| Untracked 
| 116|0x0000000089a00000, 0x0000000089a00000, 0x0000000089b00000|  0%| F|  |TAMS 0x0000000089a00000, 0x0000000089a00000| Untracked 
| 117|0x0000000089b00000, 0x0000000089b00000, 0x0000000089c00000|  0%| F|  |TAMS 0x0000000089b00000, 0x0000000089b00000| Untracked 
| 118|0x0000000089c00000, 0x0000000089c00000, 0x0000000089d00000|  0%| F|  |TAMS 0x0000000089c00000, 0x0000000089c00000| Untracked 
| 119|0x0000000089d00000, 0x0000000089dec098, 0x0000000089e00000| 92%| E|  |TAMS 0x0000000089d00000, 0x0000000089d00000| Complete 
| 120|0x0000000089e00000, 0x0000000089f00000, 0x0000000089f00000|100%| E|CS|TAMS 0x0000000089e00000, 0x0000000089e00000| Complete 
| 121|0x0000000089f00000, 0x000000008a000000, 0x000000008a000000|100%| E|CS|TAMS 0x0000000089f00000, 0x0000000089f00000| Complete 
| 122|0x000000008a000000, 0x000000008a100000, 0x000000008a100000|100%| E|CS|TAMS 0x000000008a000000, 0x000000008a000000| Complete 
| 123|0x000000008a100000, 0x000000008a200000, 0x000000008a200000|100%| E|CS|TAMS 0x000000008a100000, 0x000000008a100000| Complete 
| 124|0x000000008a200000, 0x000000008a300000, 0x000000008a300000|100%| E|CS|TAMS 0x000000008a200000, 0x000000008a200000| Complete 
| 125|0x000000008a300000, 0x000000008a400000, 0x000000008a400000|100%| E|CS|TAMS 0x000000008a300000, 0x000000008a300000| Complete 

Card table byte_map: [0x0000022a9f1a0000,0x0000022a9f590000] _byte_map_base: 0x0000022a9ed8d000

Marking Bits (Prev, Next): (CMBitMap*) 0x0000022a8c425fe0, (CMBitMap*) 0x0000022a8c426020
 Prev Bits: [0x0000022a9f980000, 0x0000022aa18e8000)
 Next Bits: [0x0000022aa18f0000, 0x0000022aa3858000)

Polling page: 0x0000022a8a360000

Metaspace:

Usage:
  Non-class:      5.69 MB used.
      Class:    546.45 KB used.
       Both:      6.22 MB used.

Virtual space:
  Non-class space:        8.00 MB reserved,       5.75 MB ( 72%) committed,  1 nodes.
      Class space:        1.00 GB reserved,     576.00 KB ( <1%) committed,  1 nodes.
             Both:        1.01 GB reserved,       6.31 MB ( <1%) committed. 

Chunk freelists:
   Non-Class:  2.25 MB
       Class:  3.25 MB
        Both:  5.50 MB

MaxMetaspaceSize: unlimited
CompressedClassSpaceSize: 1.00 GB
Initial GC threshold: 21.00 MB
Current GC threshold: 21.00 MB
CDS: off
MetaspaceReclaimPolicy: balanced
 - commit_granule_bytes: 65536.
 - commit_granule_words: 8192.
 - virtual_space_node_default_size: 1048576.
 - enlarge_chunks_in_place: 1.
 - new_chunks_are_fully_committed: 0.
 - uncommit_free_chunks: 1.
 - use_allocation_guard: 0.
 - handle_deallocations: 1.


Internal statistics:

num_allocs_failed_limit: 0.
num_arena_births: 4.
num_arena_deaths: 0.
num_vsnodes_births: 2.
num_vsnodes_deaths: 0.
num_space_committed: 101.
num_space_uncommitted: 0.
num_chunks_returned_to_freelist: 0.
num_chunks_taken_from_freelist: 16.
num_chunk_merges: 0.
num_chunk_splits: 4.
num_chunks_enlarged: 1.
num_purges: 0.
num_inconsistent_stats: 0.

CodeHeap 'non-profiled nmethods': size=120000Kb used=103Kb max_used=103Kb free=119897Kb
 bounds [0x0000022a97550000, 0x0000022a977c0000, 0x0000022a9ea80000]
CodeHeap 'profiled nmethods': size=120000Kb used=502Kb max_used=502Kb free=119497Kb
 bounds [0x0000022a8fa80000, 0x0000022a8fcf0000, 0x0000022a96fb0000]
CodeHeap 'non-nmethods': size=5760Kb used=1094Kb max_used=1111Kb free=4665Kb
 bounds [0x0000022a96fb0000, 0x0000022a97220000, 0x0000022a97550000]
 total_blobs=744 nmethods=376 adapters=281
 compilation: enabled
              stopped_count=0, restarted_count=0
 full_count=0

Compilation events (20 events):
Event: 0.818 Thread 0x0000022aa6ee5a90  273 %     4       java.lang.StringCoding::hasNegatives @ 2 (25 bytes)
Event: 0.818 Thread 0x0000022aa6c44e40 nmethod 263 0x0000022a8fadc990 code [0x0000022a8fadcba0, 0x0000022a8fadd198]
Event: 0.818 Thread 0x0000022aa6c44e40  240       3       jdk.internal.module.ModulePath$$Lambda$39/0x0000000100084b18::apply (11 bytes)
Event: 0.818 Thread 0x0000022aa6c44e40 nmethod 240 0x0000022a8fadd390 code [0x0000022a8fadd540, 0x0000022a8fadd7e8]
Event: 0.818 Thread 0x0000022aa6c44e40  251       3       jdk.internal.module.ModulePath$$Lambda$40/0x0000000100084d50::apply (12 bytes)
Event: 0.819 Thread 0x0000022aa6c44e40 nmethod 251 0x0000022a8fadd910 code [0x0000022a8faddac0, 0x0000022a8faddce8]
Event: 0.819 Thread 0x0000022aa6c44e40  267       3       java.util.HashMap::afterNodeAccess (1 bytes)
Event: 0.819 Thread 0x0000022aa6c44e40 nmethod 267 0x0000022a8fadde10 code [0x0000022a8faddfa0, 0x0000022a8fade0b8]
Event: 0.823 Thread 0x0000022aa6c44e40  279       3       java.util.HashMap::getNode (150 bytes)
Event: 0.825 Thread 0x0000022aa6ee5a90 nmethod 273% 0x0000022a97560290 code [0x0000022a97560420, 0x0000022a97560658]
Event: 0.825 Thread 0x0000022aa6ee5a90  275       4       java.util.ImmutableCollections$SetN::probe (56 bytes)
Event: 0.825 Thread 0x0000022aa6c44e40 nmethod 279 0x0000022a8fade190 code [0x0000022a8fade3c0, 0x0000022a8fadef58]
Event: 0.825 Thread 0x0000022aa6c44e40  282       3       java.util.HashMap$HashIterator::nextNode (100 bytes)
Event: 0.826 Thread 0x0000022aa6c44e40 nmethod 282 0x0000022a8fadf210 code [0x0000022a8fadf400, 0x0000022a8fadf938]
Event: 0.826 Thread 0x0000022aa6c44e40  283       3       java.lang.CharacterDataLatin1::toLowerCase (39 bytes)
Event: 0.827 Thread 0x0000022aa6c44e40 nmethod 283 0x0000022a8fadfb10 code [0x0000022a8fadfcc0, 0x0000022a8fadfef8]
Event: 0.827 Thread 0x0000022aa6c44e40  280       3       java.util.HashMap$KeyIterator::next (8 bytes)
Event: 0.827 Thread 0x0000022aa6c44e40 nmethod 280 0x0000022a8fae0010 code [0x0000022a8fae01c0, 0x0000022a8fae0308]
Event: 0.827 Thread 0x0000022aa6c44e40  281       3       jdk.internal.util.ArraysSupport::newLength (27 bytes)
Event: 0.828 Thread 0x0000022aa6c44e40 nmethod 281 0x0000022a8fae0410 code [0x0000022a8fae05c0, 0x0000022a8fae0828]

GC Heap History (0 events):
No events

Dll operation events (4 events):
Event: 0.031 Loaded shared library C:\Users\hp\.p2\pool\plugins\org.eclipse.justj.openjdk.hotspot.jre.full.win32.x86_64_17.0.6.v20230204-1729\jre\bin\java.dll
Event: 0.635 Loaded shared library C:\Users\hp\.p2\pool\plugins\org.eclipse.justj.openjdk.hotspot.jre.full.win32.x86_64_17.0.6.v20230204-1729\jre\bin\net.dll
Event: 0.643 Loaded shared library C:\Users\hp\.p2\pool\plugins\org.eclipse.justj.openjdk.hotspot.jre.full.win32.x86_64_17.0.6.v20230204-1729\jre\bin\nio.dll
Event: 0.676 Loaded shared library C:\Users\hp\.p2\pool\plugins\org.eclipse.justj.openjdk.hotspot.jre.full.win32.x86_64_17.0.6.v20230204-1729\jre\bin\zip.dll

Deoptimization events (4 events):
Event: 0.802 Thread 0x0000022a8c3c87f0 Uncommon trap: trap_request=0xffffff45 fr.pc=0x0000022a9755f404 relative=0x0000000000000084
Event: 0.802 Thread 0x0000022a8c3c87f0 Uncommon trap: reason=unstable_if action=reinterpret pc=0x0000022a9755f404 method=java.lang.CharacterDataLatin1.isJavaIdentifierPart(I)Z @ 11 c2
Event: 0.802 Thread 0x0000022a8c3c87f0 DEOPT PACKING pc=0x0000022a9755f404 sp=0x000000ae474fdc00
Event: 0.802 Thread 0x0000022a8c3c87f0 DEOPT UNPACKING pc=0x0000022a970069a3 sp=0x000000ae474fdb78 mode 2

Classes unloaded (0 events):
No events

Classes redefined (0 events):
No events

Internal exceptions (0 events):
No events

VM Operations (2 events):
Event: 0.683 Executing VM operation: HandshakeAllThreads
Event: 0.684 Executing VM operation: HandshakeAllThreads done

Events (20 events):
Event: 0.765 loading class java/io/DataInputStream
Event: 0.765 loading class java/io/DataInputStream done
Event: 0.765 loading class jdk/internal/module/ModuleInfo$CountingDataInput
Event: 0.765 loading class jdk/internal/module/ModuleInfo$CountingDataInput done
Event: 0.766 loading class jdk/internal/module/ModuleInfo$ConstantPool
Event: 0.766 loading class jdk/internal/module/ModuleInfo$ConstantPool done
Event: 0.767 loading class jdk/internal/module/ModuleInfo$ConstantPool$Entry
Event: 0.767 loading class jdk/internal/module/ModuleInfo$ConstantPool$Entry done
Event: 0.767 loading class jdk/internal/module/ModuleInfo$ConstantPool$IndexEntry
Event: 0.767 loading class jdk/internal/module/ModuleInfo$ConstantPool$IndexEntry done
Event: 0.767 loading class jdk/internal/module/ModuleInfo$ConstantPool$ValueEntry
Event: 0.767 loading class jdk/internal/module/ModuleInfo$ConstantPool$ValueEntry done
Event: 0.802 loading class java/util/Collections$UnmodifiableCollection$1
Event: 0.803 loading class java/util/Collections$UnmodifiableCollection$1 done
Event: 0.804 loading class java/util/WeakHashMap$KeyIterator
Event: 0.804 loading class java/util/WeakHashMap$HashIterator
Event: 0.804 loading class java/util/WeakHashMap$HashIterator done
Event: 0.804 loading class java/util/WeakHashMap$KeyIterator done
Event: 0.812 Thread 0x0000022aa6e68f20 Thread added: 0x0000022aa6e68f20
Event: 0.818 Thread 0x0000022aa6ee5a90 Thread added: 0x0000022aa6ee5a90


Dynamic libraries:
0x00007ff69f630000 - 0x00007ff69f63e000 	C:\Users\hp\.p2\pool\plugins\org.eclipse.justj.openjdk.hotspot.jre.full.win32.x86_64_17.0.6.v20230204-1729\jre\bin\javaw.exe
0x00007ffcb24d0000 - 0x00007ffcb26e4000 	C:\WINDOWS\SYSTEM32\ntdll.dll
0x00007ffcb0fe0000 - 0x00007ffcb10a2000 	C:\WINDOWS\System32\KERNEL32.DLL
0x00007ffcafc30000 - 0x00007ffcaffd3000 	C:\WINDOWS\System32\KERNELBASE.dll
0x00007ffcaf970000 - 0x00007ffcafa81000 	C:\WINDOWS\System32\ucrtbase.dll
0x00007ffca87b0000 - 0x00007ffca87c7000 	C:\Users\hp\.p2\pool\plugins\org.eclipse.justj.openjdk.hotspot.jre.full.win32.x86_64_17.0.6.v20230204-1729\jre\bin\jli.dll
0x00007ffca7880000 - 0x00007ffca7899000 	C:\Users\hp\.p2\pool\plugins\org.eclipse.justj.openjdk.hotspot.jre.full.win32.x86_64_17.0.6.v20230204-1729\jre\bin\VCRUNTIME140.dll
0x00007ffcb0740000 - 0x00007ffcb08eb000 	C:\WINDOWS\System32\USER32.dll
0x00007ffcafa90000 - 0x00007ffcafab6000 	C:\WINDOWS\System32\win32u.dll
0x00007ffcb21a0000 - 0x00007ffcb21c9000 	C:\WINDOWS\System32\GDI32.dll
0x00007ffc9dcd0000 - 0x00007ffc9df5e000 	C:\WINDOWS\WinSxS\amd64_microsoft.windows.common-controls_6595b64144ccf1df_6.0.22621.1635_none_270f70857386168e\COMCTL32.dll
0x00007ffcaffe0000 - 0x00007ffcb00f8000 	C:\WINDOWS\System32\gdi32full.dll
0x00007ffcb03d0000 - 0x00007ffcb0477000 	C:\WINDOWS\System32\msvcrt.dll
0x00007ffcb0230000 - 0x00007ffcb02ca000 	C:\WINDOWS\System32\msvcp_win.dll
0x00007ffcb12b0000 - 0x00007ffcb12e1000 	C:\WINDOWS\System32\IMM32.DLL
0x00007ffca87a0000 - 0x00007ffca87ac000 	C:\Users\hp\.p2\pool\plugins\org.eclipse.justj.openjdk.hotspot.jre.full.win32.x86_64_17.0.6.v20230204-1729\jre\bin\vcruntime140_1.dll
0x00007ffc86d10000 - 0x00007ffc86da1000 	C:\Users\hp\.p2\pool\plugins\org.eclipse.justj.openjdk.hotspot.jre.full.win32.x86_64_17.0.6.v20230204-1729\jre\bin\msvcp140.dll
0x00007ffc699b0000 - 0x00007ffc6a5f7000 	C:\Users\hp\.p2\pool\plugins\org.eclipse.justj.openjdk.hotspot.jre.full.win32.x86_64_17.0.6.v20230204-1729\jre\bin\server\jvm.dll
0x00007ffcb21d0000 - 0x00007ffcb227e000 	C:\WINDOWS\System32\ADVAPI32.dll
0x00007ffcb18f0000 - 0x00007ffcb1994000 	C:\WINDOWS\System32\sechost.dll
0x00007ffcb0ec0000 - 0x00007ffcb0fd7000 	C:\WINDOWS\System32\RPCRT4.dll
0x00007ffca3fe0000 - 0x00007ffca3fe9000 	C:\WINDOWS\SYSTEM32\WSOCK32.dll
0x00007ffcb0480000 - 0x00007ffcb04f1000 	C:\WINDOWS\System32\WS2_32.dll
0x00007ffca6a80000 - 0x00007ffca6ab4000 	C:\WINDOWS\SYSTEM32\WINMM.dll
0x00007ffca36e0000 - 0x00007ffca36ea000 	C:\WINDOWS\SYSTEM32\VERSION.dll
0x00007ffcaea30000 - 0x00007ffcaea48000 	C:\WINDOWS\SYSTEM32\kernel.appcore.dll
0x00007ffca7670000 - 0x00007ffca767a000 	C:\Users\hp\.p2\pool\plugins\org.eclipse.justj.openjdk.hotspot.jre.full.win32.x86_64_17.0.6.v20230204-1729\jre\bin\jimage.dll
0x00007ffcad4b0000 - 0x00007ffcad6de000 	C:\WINDOWS\SYSTEM32\DBGHELP.DLL
0x00007ffcb0ad0000 - 0x00007ffcb0e59000 	C:\WINDOWS\System32\combase.dll
0x00007ffcb22e0000 - 0x00007ffcb23b7000 	C:\WINDOWS\System32\OLEAUT32.dll
0x00007ffca3d70000 - 0x00007ffca3da2000 	C:\WINDOWS\SYSTEM32\dbgcore.DLL
0x00007ffcaf8f0000 - 0x00007ffcaf96b000 	C:\WINDOWS\System32\bcryptPrimitives.dll
0x00007ffca7440000 - 0x00007ffca7465000 	C:\Users\hp\.p2\pool\plugins\org.eclipse.justj.openjdk.hotspot.jre.full.win32.x86_64_17.0.6.v20230204-1729\jre\bin\java.dll
0x00007ffca7330000 - 0x00007ffca7348000 	C:\Users\hp\.p2\pool\plugins\org.eclipse.justj.openjdk.hotspot.jre.full.win32.x86_64_17.0.6.v20230204-1729\jre\bin\zip.dll
0x00007ffcb19a0000 - 0x00007ffcb219a000 	C:\WINDOWS\System32\SHELL32.dll
0x00007ffcad900000 - 0x00007ffcae1ce000 	C:\WINDOWS\SYSTEM32\windows.storage.dll
0x00007ffcad6e0000 - 0x00007ffcad81e000 	C:\WINDOWS\SYSTEM32\wintypes.dll
0x00007ffcb02d0000 - 0x00007ffcb03c1000 	C:\WINDOWS\System32\SHCORE.dll
0x00007ffcb0e60000 - 0x00007ffcb0ebe000 	C:\WINDOWS\System32\shlwapi.dll
0x00007ffcaf820000 - 0x00007ffcaf841000 	C:\WINDOWS\SYSTEM32\profapi.dll
0x00007ffca72b0000 - 0x00007ffca72c9000 	C:\Users\hp\.p2\pool\plugins\org.eclipse.justj.openjdk.hotspot.jre.full.win32.x86_64_17.0.6.v20230204-1729\jre\bin\net.dll
0x00007ffca6940000 - 0x00007ffca6a77000 	C:\WINDOWS\SYSTEM32\WINHTTP.dll
0x00007ffcaeea0000 - 0x00007ffcaef09000 	C:\WINDOWS\system32\mswsock.dll
0x00007ffca70a0000 - 0x00007ffca70b5000 	C:\Users\hp\.p2\pool\plugins\org.eclipse.justj.openjdk.hotspot.jre.full.win32.x86_64_17.0.6.v20230204-1729\jre\bin\nio.dll

dbghelp: loaded successfully - version: 4.0.5 - missing functions: none
symbol engine: initialized successfully - sym options: 0x614 - pdb path: .;C:\Users\hp\.p2\pool\plugins\org.eclipse.justj.openjdk.hotspot.jre.full.win32.x86_64_17.0.6.v20230204-1729\jre\bin;C:\WINDOWS\SYSTEM32;C:\WINDOWS\WinSxS\amd64_microsoft.windows.common-controls_6595b64144ccf1df_6.0.22621.1635_none_270f70857386168e;C:\Users\hp\.p2\pool\plugins\org.eclipse.justj.openjdk.hotspot.jre.full.win32.x86_64_17.0.6.v20230204-1729\jre\bin\server

VM Arguments:
jvm_args: --module-path=C:\Java\javafx-sdk-17.0.6\lib --add-modules=javafx.controls,javafx.fxml -Dfile.encoding=UTF-8 --module-path=C:\Java\javafx-sdk-17.0.6\lib\javafx-swt.jar;C:\Java\javafx-sdk-17.0.6\lib\javafx.base.jar;C:\Java\javafx-sdk-17.0.6\lib\javafx.controls.jar;C:\Java\javafx-sdk-17.0.6\lib\javafx.fxml.jar;C:\Java\javafx-sdk-17.0.6\lib\javafx.graphics.jar;C:\Java\javafx-sdk-17.0.6\lib\javafx.media.jar;C:\Java\javafx-sdk-17.0.6\lib\javafx.swing.jar;C:\Java\javafx-sdk-17.0.6\lib\javafx.web.jar;C:\Users\hp\.p2\pool\plugins\org.eclipse.fx.ide.css.jfx8_3.8.0.202204150904.jar -XX:+ShowCodeDetailsInExceptionMessages 
java_command: home.LoginPage
java_class_path (initial): C:\Users\hp\eclipse-workspace\MyProject\bin;C:\Users\hp\Downloads\jar_files.zip;C:\Users\hp\Downloads\mysql-connector-java-5.1.15-bin.jar
Launcher Type: SUN_STANDARD

[Global flags]
     intx CICompilerCount                          = 4                                         {product} {ergonomic}
     uint ConcGCThreads                            = 2                                         {product} {ergonomic}
     uint G1ConcRefinementThreads                  = 8                                         {product} {ergonomic}
   size_t G1HeapRegionSize                         = 1048576                                   {product} {ergonomic}
    uintx GCDrainStackTargetSize                   = 64                                        {product} {ergonomic}
   size_t InitialHeapSize                          = 132120576                                 {product} {ergonomic}
   size_t MarkStackSize                            = 4194304                                   {product} {ergonomic}
   size_t MaxHeapSize                              = 2107637760                                {product} {ergonomic}
   size_t MaxNewSize                               = 1264582656                                {product} {ergonomic}
   size_t MinHeapDeltaBytes                        = 1048576                                   {product} {ergonomic}
   size_t MinHeapSize                              = 8388608                                   {product} {ergonomic}
    uintx NonNMethodCodeHeapSize                   = 5839372                                {pd product} {ergonomic}
    uintx NonProfiledCodeHeapSize                  = 122909434                              {pd product} {ergonomic}
    uintx ProfiledCodeHeapSize                     = 122909434                              {pd product} {ergonomic}
    uintx ReservedCodeCacheSize                    = 251658240                              {pd product} {ergonomic}
     bool SegmentedCodeCache                       = true                                      {product} {ergonomic}
     bool ShowCodeDetailsInExceptionMessages       = true                                   {manageable} {command line}
   size_t SoftMaxHeapSize                          = 2107637760                             {manageable} {ergonomic}
     bool UseCompressedClassPointers               = true                           {product lp64_product} {ergonomic}
     bool UseCompressedOops                        = true                           {product lp64_product} {ergonomic}
     bool UseG1GC                                  = true                                      {product} {ergonomic}
     bool UseLargePagesIndividualAllocation        = false                                  {pd product} {ergonomic}

Logging:
Log output configuration:
 #0: stdout all=warning uptime,level,tags
 #1: stderr all=off uptime,level,tags

Environment Variables:
JAVA_HOME=C:\Program Files\Java\jdk-18.0.2.1
PATH=C:/Users/hp/.p2/pool/plugins/org.eclipse.justj.openjdk.hotspot.jre.full.win32.x86_64_17.0.6.v20230204-1729/jre/bin/server;C:/Users/hp/.p2/pool/plugins/org.eclipse.justj.openjdk.hotspot.jre.full.win32.x86_64_17.0.6.v20230204-1729/jre/bin;C:\Program Files (x86)\Common Files\Oracle\Java\javapath;C:\WINDOWS\system32;C:\WINDOWS;C:\WINDOWS\System32\Wbem;C:\WINDOWS\System32\WindowsPowerShell\v1.0\;C:\WINDOWS\System32\OpenSSH\;C:\Program Files\nodejs\;C:\Program Files\Java\jre1.8.0_351\bin;C:\Program Files\Git\cmd;C:\Program Files (x86)\GnuWin32\bin;C:\MinGW\bin;C:\Users\hp\Downloads\openjfx-19.0.2.1_windows-x64_bin-sdk\javafx-sdk-19.0.2.1\lib;C:\Program Files\Java\jdk-18.0.2.1\bin;C:\Program Files (x86)\GnuWin32\bin;C:\Program Files\MySQL\MySQL Shell 8.0\bin\;C:\Users\hp\AppData\Local\Microsoft\WindowsApps;;C:\Users\hp\AppData\Local\Programs\Microsoft VS Code\bin;C:\Users\hp\AppData\Roaming\npm;C:\WINDOWS\system32;
USERNAME=hp
OS=Windows_NT
PROCESSOR_IDENTIFIER=Intel64 Family 6 Model 142 Stepping 10, GenuineIntel
TMP=C:\Users\hp\AppData\Local\Temp
TEMP=C:\Users\hp\AppData\Local\Temp



---------------  S Y S T E M  ---------------

OS:
 Windows 11 , 64 bit Build 22621 (10.0.22621.1635)
OS uptime: 2 days 8:30 hours

CPU: total 8 (initial active 8) (4 cores per cpu, 2 threads per core) family 6 model 142 stepping 10 microcode 0xf2, cx8, cmov, fxsr, ht, mmx, 3dnowpref, sse, sse2, sse3, ssse3, sse4.1, sse4.2, popcnt, lzcnt, tsc, tscinvbit, avx, avx2, aes, erms, clmul, bmi1, bmi2, adx, fma, vzeroupper, clflush, clflushopt

Memory: 4k page, system-wide physical 8035M (1406M free)
TotalPageFile size 10083M (AvailPageFile size 0M)
current process WorkingSet (physical memory assigned to process): 43M, peak: 43M
current process commit charge ("private bytes"): 206M, peak: 206M

vm_info: OpenJDK 64-Bit Server VM (17.0.6+10) for windows-amd64 JRE (17.0.6+10), built on Jan 18 2023 10:08:59 by "temurin" with MS VC++ 16.7 (VS2019)

END.
