#
# There is insufficient memory for the Java Runtime Environment to continue.
# Native memory allocation (mmap) failed to map 132120576 bytes for G1 virtual space
# Possible reasons:
#   The system is out of physical RAM or swap space
#   The process is running with CompressedOops enabled, and the Java Heap may be blocking the growth of the native heap
# Possible solutions:
#   Reduce memory load on the system
#   Increase physical memory or swap space
#   Check if swap backing store is full
#   Decrease Java heap size (-Xmx/-Xms)
#   Decrease number of Java threads
#   Decrease Java thread stack sizes (-Xss)
#   Set larger code cache with -XX:ReservedCodeCacheSize=
#   JVM is running with Unscaled Compressed Oops mode in which the Java heap is
#     placed in the first 4GB address space. The Java Heap base address is the
#     maximum limit for the native heap growth. Please use -XX:HeapBaseMinAddress
#     to set the Java Heap base and to place the Java Heap above 4GB virtual address.
# This output file may be truncated or incomplete.
#
#  Out of Memory Error (os_windows.cpp:3557), pid=14520, tid=23988
#
# JRE version:  (17.0.6+10) (build )
# Java VM: OpenJDK 64-Bit Server VM (17.0.6+10, mixed mode, sharing, tiered, compressed oops, compressed class ptrs, g1 gc, windows-amd64)
# No core dump will be written. Minidumps are not enabled by default on client versions of Windows
#

---------------  S U M M A R Y ------------

Command Line: --module-path=C:\Java\javafx-sdk-17.0.6\lib --add-modules=javafx.controls,javafx.fxml -Dfile.encoding=UTF-8 --module-path=C:\Users\hp\eclipse-workspace\MyProject\bin;C:\Java\javafx-sdk-17.0.6\lib\javafx-swt.jar;C:\Java\javafx-sdk-17.0.6\lib\javafx.base.jar;C:\Java\javafx-sdk-17.0.6\lib\javafx.controls.jar;C:\Java\javafx-sdk-17.0.6\lib\javafx.fxml.jar;C:\Java\javafx-sdk-17.0.6\lib\javafx.graphics.jar;C:\Java\javafx-sdk-17.0.6\lib\javafx.media.jar;C:\Java\javafx-sdk-17.0.6\lib\javafx.swing.jar;C:\Java\javafx-sdk-17.0.6\lib\javafx.web.jar;C:\Users\hp\.p2\pool\plugins\org.eclipse.fx.ide.css.jfx8_3.8.0.202204150904.jar -XX:+ShowCodeDetailsInExceptionMessages -Djdk.module.main=MyProject MyProject/home.Main

Host: Intel(R) Core(TM) i5-8250U CPU @ 1.60GHz, 8 cores, 7G,  Windows 11 , 64 bit Build 22621 (10.0.22621.1485)
Time: Sat May 27 18:33:25 2023 Maroc elapsed time: 0.021451 seconds (0d 0h 0m 0s)

---------------  T H R E A D  ---------------

Current thread (0x000002160be7f9f0):  JavaThread "Unknown thread" [_thread_in_vm, id=23988, stack(0x00000087ffc00000,0x00000087ffd00000)]

Stack: [0x00000087ffc00000,0x00000087ffd00000]
Native frames: (J=compiled Java code, j=interpreted, Vv=VM code, C=native code)
V  [jvm.dll+0x67741a]
V  [jvm.dll+0x834434]
V  [jvm.dll+0x835bde]
V  [jvm.dll+0x836243]
V  [jvm.dll+0x2457b5]
V  [jvm.dll+0x674329]
V  [jvm.dll+0x6689da]
V  [jvm.dll+0x30489b]
V  [jvm.dll+0x30bd96]
V  [jvm.dll+0x35b57e]
V  [jvm.dll+0x35b7af]
V  [jvm.dll+0x2db778]
V  [jvm.dll+0x2dc6e4]
V  [jvm.dll+0x806131]
V  [jvm.dll+0x369331]
V  [jvm.dll+0x7e56ac]
V  [jvm.dll+0x3eb35f]
V  [jvm.dll+0x3ecea1]
C  [jli.dll+0x5267]
C  [ucrtbase.dll+0x29363]
C  [KERNEL32.DLL+0x1269d]
C  [ntdll.dll+0x5a9f8]


---------------  P R O C E S S  ---------------

Threads class SMR info:
_java_thread_list=0x00007ff92c425fd8, length=0, elements={
}

Java Threads: ( => current thread )

Other Threads:
  0x000002160bed94d0 GCTaskThread "GC Thread#0" [stack: 0x00000087ffd00000,0x00000087ffe00000] [id=19904]
  0x000002160beea750 ConcurrentGCThread "G1 Main Marker" [stack: 0x00000087ffe00000,0x00000087fff00000] [id=11748]
  0x000002160beeb060 ConcurrentGCThread "G1 Conc#0" [stack: 0x00000087fff00000,0x0000008800000000] [id=5252]

[error occurred during error reporting (printing all threads), id 0xc0000005, EXCEPTION_ACCESS_VIOLATION (0xc0000005) at pc=0x00007ff92bbfc1e7]

VM state: not at safepoint (not fully initialized)

VM Mutex/Monitor currently owned by a thread:  ([mutex/lock_event])
[0x000002160be79d60] Heap_lock - owner thread: 0x000002160be7f9f0

Heap address: 0x0000000082600000, size: 2010 MB, Compressed Oops mode: 32-bit

CDS archive(s) mapped at: [0x0000000000000000-0x0000000000000000-0x0000000000000000), size 0, SharedBaseAddress: 0x0000000800000000, ArchiveRelocationMode: 0.
Narrow klass base: 0x0000000000000000, Narrow klass shift: 0, Narrow klass range: 0x0

GC Precious Log:
<Empty>

Heap:
 garbage-first heap   total 0K, used 0K [0x0000000082600000, 0x0000000100000000)
  region size 1024K, 0 young (0K), 0 survivors (0K)

[error occurred during error reporting (printing heap information), id 0xc0000005, EXCEPTION_ACCESS_VIOLATION (0xc0000005) at pc=0x00007ff92bfe06f9]

GC Heap History (0 events):
No events

Dll operation events (1 events):
Event: 0.013 Loaded shared library C:\Users\hp\.p2\pool\plugins\org.eclipse.justj.openjdk.hotspot.jre.full.win32.x86_64_17.0.6.v20230204-1729\jre\bin\java.dll

Deoptimization events (0 events):
No events

Classes unloaded (0 events):
No events

Classes redefined (0 events):
No events

Internal exceptions (0 events):
No events

VM Operations (0 events):
No events

Events (0 events):
No events


Dynamic libraries:
0x00007ff7bf7b0000 - 0x00007ff7bf7be000 	C:\Users\hp\.p2\pool\plugins\org.eclipse.justj.openjdk.hotspot.jre.full.win32.x86_64_17.0.6.v20230204-1729\jre\bin\javaw.exe
0x00007ff976610000 - 0x00007ff976824000 	C:\WINDOWS\SYSTEM32\ntdll.dll
0x00007ff974ef0000 - 0x00007ff974fb2000 	C:\WINDOWS\System32\KERNEL32.DLL
0x00007ff973d50000 - 0x00007ff9740ec000 	C:\WINDOWS\System32\KERNELBASE.dll
0x00007ff9740f0000 - 0x00007ff974201000 	C:\WINDOWS\System32\ucrtbase.dll
0x00007ff969b60000 - 0x00007ff969b77000 	C:\Users\hp\.p2\pool\plugins\org.eclipse.justj.openjdk.hotspot.jre.full.win32.x86_64_17.0.6.v20230204-1729\jre\bin\jli.dll
0x00007ff960600000 - 0x00007ff960619000 	C:\Users\hp\.p2\pool\plugins\org.eclipse.justj.openjdk.hotspot.jre.full.win32.x86_64_17.0.6.v20230204-1729\jre\bin\VCRUNTIME140.dll
0x00007ff975050000 - 0x00007ff9751fb000 	C:\WINDOWS\System32\USER32.dll
0x00007ff973c00000 - 0x00007ff973c26000 	C:\WINDOWS\System32\win32u.dll
0x00007ff95bcd0000 - 0x00007ff95bf5e000 	C:\WINDOWS\WinSxS\amd64_microsoft.windows.common-controls_6595b64144ccf1df_6.0.22621.608_none_a9444ca7c10bb01d\COMCTL32.dll
0x00007ff975200000 - 0x00007ff975229000 	C:\WINDOWS\System32\GDI32.dll
0x00007ff974560000 - 0x00007ff974607000 	C:\WINDOWS\System32\msvcrt.dll
0x00007ff973c30000 - 0x00007ff973d43000 	C:\WINDOWS\System32\gdi32full.dll
0x00007ff974380000 - 0x00007ff97441a000 	C:\WINDOWS\System32\msvcp_win.dll
0x00007ff974520000 - 0x00007ff974551000 	C:\WINDOWS\System32\IMM32.DLL
0x00007ff969b50000 - 0x00007ff969b5c000 	C:\Users\hp\.p2\pool\plugins\org.eclipse.justj.openjdk.hotspot.jre.full.win32.x86_64_17.0.6.v20230204-1729\jre\bin\vcruntime140_1.dll
0x00007ff95d2f0000 - 0x00007ff95d381000 	C:\Users\hp\.p2\pool\plugins\org.eclipse.justj.openjdk.hotspot.jre.full.win32.x86_64_17.0.6.v20230204-1729\jre\bin\msvcp140.dll
0x00007ff92b910000 - 0x00007ff92c557000 	C:\Users\hp\.p2\pool\plugins\org.eclipse.justj.openjdk.hotspot.jre.full.win32.x86_64_17.0.6.v20230204-1729\jre\bin\server\jvm.dll
0x00007ff9757c0000 - 0x00007ff97586e000 	C:\WINDOWS\System32\ADVAPI32.dll
0x00007ff975dc0000 - 0x00007ff975e64000 	C:\WINDOWS\System32\sechost.dll
0x00007ff9753d0000 - 0x00007ff9754e7000 	C:\WINDOWS\System32\RPCRT4.dll
0x00007ff969130000 - 0x00007ff969164000 	C:\WINDOWS\SYSTEM32\WINMM.dll
0x00007ff96a8d0000 - 0x00007ff96a8d9000 	C:\WINDOWS\SYSTEM32\WSOCK32.dll
0x00007ff964850000 - 0x00007ff96485a000 	C:\WINDOWS\SYSTEM32\VERSION.dll
0x00007ff975fd0000 - 0x00007ff976041000 	C:\WINDOWS\System32\WS2_32.dll
0x00007ff972b90000 - 0x00007ff972ba8000 	C:\WINDOWS\SYSTEM32\kernel.appcore.dll
0x00007ff969fa0000 - 0x00007ff969faa000 	C:\Users\hp\.p2\pool\plugins\org.eclipse.justj.openjdk.hotspot.jre.full.win32.x86_64_17.0.6.v20230204-1729\jre\bin\jimage.dll
0x00007ff9714b0000 - 0x00007ff9716de000 	C:\WINDOWS\SYSTEM32\DBGHELP.DLL
0x00007ff975a30000 - 0x00007ff975db9000 	C:\WINDOWS\System32\combase.dll
0x00007ff9755c0000 - 0x00007ff975697000 	C:\WINDOWS\System32\OLEAUT32.dll
0x00007ff965d50000 - 0x00007ff965d82000 	C:\WINDOWS\SYSTEM32\dbgcore.DLL
0x00007ff973b80000 - 0x00007ff973bfb000 	C:\WINDOWS\System32\bcryptPrimitives.dll
0x00007ff960a00000 - 0x00007ff960a25000 	C:\Users\hp\.p2\pool\plugins\org.eclipse.justj.openjdk.hotspot.jre.full.win32.x86_64_17.0.6.v20230204-1729\jre\bin\java.dll

dbghelp: loaded successfully - version: 4.0.5 - missing functions: none
symbol engine: initialized successfully - sym options: 0x614 - pdb path: .;C:\Users\hp\.p2\pool\plugins\org.eclipse.justj.openjdk.hotspot.jre.full.win32.x86_64_17.0.6.v20230204-1729\jre\bin;C:\WINDOWS\SYSTEM32;C:\WINDOWS\WinSxS\amd64_microsoft.windows.common-controls_6595b64144ccf1df_6.0.22621.608_none_a9444ca7c10bb01d;C:\Users\hp\.p2\pool\plugins\org.eclipse.justj.openjdk.hotspot.jre.full.win32.x86_64_17.0.6.v20230204-1729\jre\bin\server

VM Arguments:
jvm_args: --module-path=C:\Java\javafx-sdk-17.0.6\lib --add-modules=javafx.controls,javafx.fxml -Dfile.encoding=UTF-8 --module-path=C:\Users\hp\eclipse-workspace\MyProject\bin;C:\Java\javafx-sdk-17.0.6\lib\javafx-swt.jar;C:\Java\javafx-sdk-17.0.6\lib\javafx.base.jar;C:\Java\javafx-sdk-17.0.6\lib\javafx.controls.jar;C:\Java\javafx-sdk-17.0.6\lib\javafx.fxml.jar;C:\Java\javafx-sdk-17.0.6\lib\javafx.graphics.jar;C:\Java\javafx-sdk-17.0.6\lib\javafx.media.jar;C:\Java\javafx-sdk-17.0.6\lib\javafx.swing.jar;C:\Java\javafx-sdk-17.0.6\lib\javafx.web.jar;C:\Users\hp\.p2\pool\plugins\org.eclipse.fx.ide.css.jfx8_3.8.0.202204150904.jar -XX:+ShowCodeDetailsInExceptionMessages -Djdk.module.main=MyProject 
java_command: MyProject/home.Main
java_class_path (initial): C:\Users\hp\Downloads\jar_files.zip;C:\Users\hp\Downloads\mysql-connector-java-5.1.15-bin.jar
Launcher Type: SUN_STANDARD

[Global flags]
     intx CICompilerCount                          = 4                                         {product} {ergonomic}
     uint ConcGCThreads                            = 2                                         {product} {ergonomic}
     uint G1ConcRefinementThreads                  = 8                                         {product} {ergonomic}
   size_t G1HeapRegionSize                         = 1048576                                   {product} {ergonomic}
    uintx GCDrainStackTargetSize                   = 64                                        {product} {ergonomic}
   size_t InitialHeapSize                          = 132120576                                 {product} {ergonomic}
   size_t MarkStackSize                            = 4194304                                   {product} {ergonomic}
   size_t MaxHeapSize                              = 2107637760                                {product} {ergonomic}
   size_t MinHeapDeltaBytes                        = 1048576                                   {product} {ergonomic}
   size_t MinHeapSize                              = 8388608                                   {product} {ergonomic}
    uintx NonNMethodCodeHeapSize                   = 5839372                                {pd product} {ergonomic}
    uintx NonProfiledCodeHeapSize                  = 122909434                              {pd product} {ergonomic}
    uintx ProfiledCodeHeapSize                     = 122909434                              {pd product} {ergonomic}
    uintx ReservedCodeCacheSize                    = 251658240                              {pd product} {ergonomic}
     bool SegmentedCodeCache                       = true                                      {product} {ergonomic}
     bool ShowCodeDetailsInExceptionMessages       = true                                   {manageable} {command line}
   size_t SoftMaxHeapSize                          = 2107637760                             {manageable} {ergonomic}
     bool UseCompressedClassPointers               = true                           {product lp64_product} {ergonomic}
     bool UseCompressedOops                        = true                           {product lp64_product} {ergonomic}
     bool UseG1GC                                  = true                                      {product} {ergonomic}
     bool UseLargePagesIndividualAllocation        = false                                  {pd product} {ergonomic}

Logging:
Log output configuration:
 #0: stdout all=warning uptime,level,tags
 #1: stderr all=off uptime,level,tags

Environment Variables:
JAVA_HOME=C:\Program Files\Java\jdk-18.0.2.1
PATH=C:/Users/hp/.p2/pool/plugins/org.eclipse.justj.openjdk.hotspot.jre.full.win32.x86_64_17.0.6.v20230204-1729/jre/bin/server;C:/Users/hp/.p2/pool/plugins/org.eclipse.justj.openjdk.hotspot.jre.full.win32.x86_64_17.0.6.v20230204-1729/jre/bin;C:\Program Files (x86)\Common Files\Oracle\Java\javapath;C:\WINDOWS\system32;C:\WINDOWS;C:\WINDOWS\System32\Wbem;C:\WINDOWS\System32\WindowsPowerShell\v1.0\;C:\WINDOWS\System32\OpenSSH\;C:\Program Files\nodejs\;C:\Program Files\Java\jre1.8.0_351\bin;C:\Program Files\Git\cmd;C:\Program Files (x86)\GnuWin32\bin;C:\MinGW\bin;C:\Users\hp\Downloads\openjfx-19.0.2.1_windows-x64_bin-sdk\javafx-sdk-19.0.2.1\lib;C:\Program Files\Java\jdk-18.0.2.1\bin;C:\Program Files (x86)\GnuWin32\bin;C:\Users\hp\AppData\Local\Microsoft\WindowsApps;;C:\Users\hp\AppData\Local\Programs\Microsoft VS Code\bin;C:\Users\hp\AppData\Roaming\npm;C:\Users\hp\Desktop;
USERNAME=hp
OS=Windows_NT
PROCESSOR_IDENTIFIER=Intel64 Family 6 Model 142 Stepping 10, GenuineIntel
TMP=C:\Users\hp\AppData\Local\Temp
TEMP=C:\Users\hp\AppData\Local\Temp



---------------  S Y S T E M  ---------------

OS:
 Windows 11 , 64 bit Build 22621 (10.0.22621.1485)
OS uptime: 18 days 4:51 hours

CPU: total 8 (initial active 8) (4 cores per cpu, 2 threads per core) family 6 model 142 stepping 10 microcode 0xf0, cx8, cmov, fxsr, ht, mmx, 3dnowpref, sse, sse2, sse3, ssse3, sse4.1, sse4.2, popcnt, lzcnt, tsc, tscinvbit, avx, avx2, aes, erms, clmul, bmi1, bmi2, adx, fma, vzeroupper, clflush, clflushopt

Memory: 4k page, system-wide physical 8035M (1221M free)
TotalPageFile size 10083M (AvailPageFile size 82M)
current process WorkingSet (physical memory assigned to process): 11M, peak: 11M
current process commit charge ("private bytes"): 60M, peak: 186M

vm_info: OpenJDK 64-Bit Server VM (17.0.6+10) for windows-amd64 JRE (17.0.6+10), built on Jan 18 2023 10:08:59 by "temurin" with MS VC++ 16.7 (VS2019)

END.
